<?xml version="1.0" encoding="UTF-8"?>
<!-- Generated by org.testng.reporters.JUnitReportReporter -->
<testsuite hostname="DESKTOP-PGP9JNA" failures="0" tests="3" name="com.crm.qa.testcases.LoginPageTest" time="48.225" errors="0" timestamp="6 Jul 2022 15:17:14 GMT">
  <testcase classname="com.crm.qa.testcases.LoginPageTest" name="loginPageTitleTest" time="15.955"/>
  <testcase classname="com.crm.qa.testcases.LoginPageTest" name="actiTimeLogoTest" time="15.019"/>
  <testcase classname="com.crm.qa.testcases.LoginPageTest" name="loginTest" time="17.251"/>
</testsuite> <!-- com.crm.qa.testcases.LoginPageTest -->
