<?xml version="1.0" encoding="UTF-8"?>
<!-- Generated by org.testng.reporters.JUnitReportReporter -->
<testsuite hostname="DESKTOP-PGP9JNA" name="com.crm.qa.testcases.LoginPageTest" tests="3" failures="0" timestamp="6 Jul 2022 09:45:27 GMT" time="55.643" errors="0">
  <testcase name="loginTest" time="19.068" classname="com.crm.qa.testcases.LoginPageTest"/>
  <testcase name="actiTimeLogoTest" time="17.299" classname="com.crm.qa.testcases.LoginPageTest"/>
  <testcase name="loginPageTitleTest" time="19.276" classname="com.crm.qa.testcases.LoginPageTest"/>
</testsuite> <!-- com.crm.qa.testcases.LoginPageTest -->
