<?xml version="1.0" encoding="UTF-8"?>
<!-- Generated by org.testng.reporters.JUnitReportReporter -->
<testsuite hostname="DESKTOP-PGP9JNA" failures="0" tests="1" name="com.crm.qa.testcases.createNewCustomerTest" time="31.537" errors="0" timestamp="6 Jul 2022 15:17:14 GMT">
  <testcase classname="com.crm.qa.testcases.createNewCustomerTest" name="addCustomerTest" time="31.537"/>
</testsuite> <!-- com.crm.qa.testcases.createNewCustomerTest -->
