<?xml version="1.0" encoding="UTF-8"?>
<!-- Generated by org.testng.reporters.JUnitReportReporter -->
<testsuite hostname="DESKTOP-PGP9JNA" name="com.crm.qa.testcases.HomePageTest" tests="3" failures="0" timestamp="6 Jul 2022 09:45:27 GMT" time="131.531" errors="0">
  <testcase name="verifyUserNameTest" time="37.451" classname="com.crm.qa.testcases.HomePageTest"/>
  <testcase name="verifyHomePageTitleTest" time="34.359" classname="com.crm.qa.testcases.HomePageTest"/>
  <testcase name="verifyTasksLink" time="59.721" classname="com.crm.qa.testcases.HomePageTest"/>
</testsuite> <!-- com.crm.qa.testcases.HomePageTest -->
