<?xml version="1.0" encoding="UTF-8"?>
<!-- Generated by org.testng.reporters.JUnitReportReporter -->
<testsuite hostname="DESKTOP-PGP9JNA" failures="0" tests="3" name="com.crm.qa.testcases.HomePageTest" time="80.175" errors="0" timestamp="6 Jul 2022 15:33:30 GMT">
  <testcase classname="com.crm.qa.testcases.HomePageTest" name="verifyTasksLink" time="26.855"/>
  <testcase classname="com.crm.qa.testcases.HomePageTest" name="verifyHomePageTitleTest" time="26.240"/>
  <testcase classname="com.crm.qa.testcases.HomePageTest" name="verifyUserNameTest" time="27.080"/>
</testsuite> <!-- com.crm.qa.testcases.HomePageTest -->
