<?xml version="1.0" encoding="UTF-8"?>
<!-- Generated by org.testng.reporters.JUnitReportReporter -->
<testsuite hostname="DESKTOP-PGP9JNA" failures="0" tests="3" name="com.crm.qa.testcases.LoginPageTest" time="51.681" errors="0" timestamp="6 Jul 2022 15:33:30 GMT">
  <testcase classname="com.crm.qa.testcases.LoginPageTest" name="actiTimeLogoTest" time="13.199"/>
  <testcase classname="com.crm.qa.testcases.LoginPageTest" name="loginPageTitleTest" time="17.123"/>
  <testcase classname="com.crm.qa.testcases.LoginPageTest" name="loginTest" time="21.359"/>
</testsuite> <!-- com.crm.qa.testcases.LoginPageTest -->
